This is pdfTeX, Version 3.1415926-1.40.10 (TeX Live 2009/Debian) (format=latex 2012.1.18)  22 APR 2014 08:59
entering extended mode
 %&-line parsing enabled.
**./images.tex
(./images.tex
LaTeX2e <2009/09/24>
Babel <v3.8l> and hyphenation patterns for english, usenglishmax, dumylang, noh
yphenation, farsi, arabic, croatian, bulgarian, ukrainian, russian, czech, slov
ak, danish, dutch, finnish, french, basque, ngerman, german, german-x-2009-06-1
9, ngerman-x-2009-06-19, ibycus, monogreek, greek, ancientgreek, hungarian, san
skrit, italian, latin, latvian, lithuanian, mongolian2a, mongolian, bokmal, nyn
orsk, romanian, irish, coptic, serbian, turkish, welsh, esperanto, uppersorbian
, estonian, indonesian, interlingua, icelandic, kurmanji, slovenian, polish, po
rtuguese, spanish, galician, catalan, swedish, ukenglish, loaded.

(/usr/share/texmf-texlive/tex/latex/base/book.cls
Document Class: book 2007/10/19 v1.4h Standard LaTeX document class
(/usr/share/texmf-texlive/tex/latex/base/bk11.clo
File: bk11.clo 2007/10/19 v1.4h Standard LaTeX file (size option)
)
\c@part=\count79
\c@chapter=\count80
\c@section=\count81
\c@subsection=\count82
\c@subsubsection=\count83
\c@paragraph=\count84
\c@subparagraph=\count85
\c@figure=\count86
\c@table=\count87
\abovecaptionskip=\skip41
\belowcaptionskip=\skip42
\bibindent=\dimen102
) (/usr/share/texmf-texlive/tex/latex/base/ifthen.sty
Package: ifthen 2001/05/26 v1.1c Standard LaTeX ifthen package (DPC)
) (/usr/share/texmf-texlive/tex/latex/graphics/epsfig.sty
Package: epsfig 1999/02/16 v1.7a (e)psfig emulation (SPQR)
(/usr/share/texmf-texlive/tex/latex/graphics/graphicx.sty
Package: graphicx 1999/02/16 v1.0f Enhanced LaTeX Graphics (DPC,SPQR)
(/usr/share/texmf-texlive/tex/latex/graphics/keyval.sty
Package: keyval 1999/03/16 v1.13 key=value parser (DPC)
\KV@toks@=\toks14
) (/usr/share/texmf-texlive/tex/latex/graphics/graphics.sty
Package: graphics 2009/02/05 v1.0o Standard LaTeX Graphics (DPC,SPQR)
(/usr/share/texmf-texlive/tex/latex/graphics/trig.sty
Package: trig 1999/03/16 v1.09 sin cos tan (DPC)
) (/etc/texmf/tex/latex/config/graphics.cfg
File: graphics.cfg 2009/08/28 v1.8 graphics configuration of TeX Live
)
Package graphics Info: Driver file: dvips.def on input line 91.
(/usr/share/texmf-texlive/tex/latex/graphics/dvips.def
File: dvips.def 1999/02/16 v3.0i Driver-dependant file (DPC,SPQR)
))
\Gin@req@height=\dimen103
\Gin@req@width=\dimen104
)
\epsfxsize=\dimen105
\epsfysize=\dimen106
) (/usr/share/texmf-texlive/tex/latex/base/latexsym.sty
Package: latexsym 1998/08/17 v2.2e Standard LaTeX package (lasy symbols)
\symlasy=\mathgroup4
LaTeX Font Info:    Overwriting symbol font `lasy' in version `bold'
(Font)                  U/lasy/m/n --> U/lasy/b/n on input line 47.
) (/usr/share/texmf-texlive/tex/latex/amsfonts/amsfonts.sty
Package: amsfonts 2009/06/22 v3.00 Basic AMSFonts support
\@emptytoks=\toks15
\symAMSa=\mathgroup5
\symAMSb=\mathgroup6
LaTeX Font Info:    Overwriting math alphabet `\mathfrak' in version `bold'
(Font)                  U/euf/m/n --> U/euf/b/n on input line 96.
) (/usr/share/texmf-texlive/tex/latex/amsfonts/amssymb.sty
Package: amssymb 2009/06/22 v3.00
) (/usr/share/texmf-texlive/tex/latex/amsmath/amstext.sty
Package: amstext 2000/06/29 v2.01
(/usr/share/texmf-texlive/tex/latex/amsmath/amsgen.sty
File: amsgen.sty 1999/11/30 v2.0
\@emptytoks=\toks16
\ex@=\dimen107
)) (/usr/share/texmf-texlive/tex/latex/amscls/amsthm.sty
Package: amsthm 2004/08/06 v2.20
\thm@style=\toks17
\thm@bodyfont=\toks18
\thm@headfont=\toks19
\thm@notefont=\toks20
\thm@headpunct=\toks21
\thm@preskip=\skip43
\thm@postskip=\skip44
\thm@headsep=\skip45
\dth@everypar=\toks22
) (/usr/share/texmf-texlive/tex/latex/float/float.sty
Package: float 2001/11/08 v1.3d Float enhancements (AL)
\c@float@type=\count88
\float@exts=\toks23
\float@box=\box26
\@float@everytoks=\toks24
\@floatcapt=\box27
) (/usr/share/texmf-texlive/tex/latex/amsmath/amsmath.sty
Package: amsmath 2000/07/18 v2.13 AMS math features
\@mathmargin=\skip46
For additional information on amsmath, use the `?' option.
(/usr/share/texmf-texlive/tex/latex/amsmath/amsbsy.sty
Package: amsbsy 1999/11/29 v1.2d
\pmbraise@=\dimen108
) (/usr/share/texmf-texlive/tex/latex/amsmath/amsopn.sty
Package: amsopn 1999/12/14 v2.01 operator names
)
\inf@bad=\count89
LaTeX Info: Redefining \frac on input line 211.
\uproot@=\count90
\leftroot@=\count91
LaTeX Info: Redefining \overline on input line 307.
\classnum@=\count92
\DOTSCASE@=\count93
LaTeX Info: Redefining \ldots on input line 379.
LaTeX Info: Redefining \dots on input line 382.
LaTeX Info: Redefining \cdots on input line 467.
\Mathstrutbox@=\box28
\strutbox@=\box29
\big@size=\dimen109
LaTeX Font Info:    Redeclaring font encoding OML on input line 567.
LaTeX Font Info:    Redeclaring font encoding OMS on input line 568.
\macc@depth=\count94
\c@MaxMatrixCols=\count95
\dotsspace@=\muskip10
\c@parentequation=\count96
\dspbrk@lvl=\count97
\tag@help=\toks25
\row@=\count98
\column@=\count99
\maxfields@=\count100
\andhelp@=\toks26
\eqnshift@=\dimen110
\alignsep@=\dimen111
\tagshift@=\dimen112
\tagwidth@=\dimen113
\totwidth@=\dimen114
\lineht@=\dimen115
\@envbody=\toks27
\multlinegap=\skip47
\multlinetaggap=\skip48
\mathdisplay@stack=\toks28
LaTeX Info: Redefining \[ on input line 2666.
LaTeX Info: Redefining \] on input line 2667.
) (/usr/share/texmf-texlive/tex/latex/doublestroke/dsfont.sty
Package: dsfont 1995/08/01 v0.1 Double stroke roman fonts
) (/usr/share/texmf-texlive/tex/generic/babel/babel.sty
Package: babel 2008/07/06 v3.8l The Babel package
(/usr/share/texmf-texlive/tex/generic/babel/spanish.ldf
Language: spanish.ldf 2009/01/02 v5.0h Spanish support from the babel system
(/usr/share/texmf-texlive/tex/generic/babel/babel.def
File: babel.def 2008/07/06 v3.8l Babel common definitions
\babel@savecnt=\count101
\U@D=\dimen116
)
\es@datefmt=\count102
\es@quottoks=\toks29
\es@quotdepth=\count103
Package babel Info: Making " an active character on input line 492.
Package babel Info: Making . an active character on input line 585.
Package babel Info: Making < an active character on input line 630.
Package babel Info: Making > an active character on input line 630.
)) (/usr/share/texmf-texlive/tex/latex/ucs/ucs.sty
Package: ucs 2004/10/17 UCS: Unicode input support
(/usr/share/texmf-texlive/tex/latex/ucs/data/uni-global.def
File: uni-global.def 2004/10/17 UCS: Unicode global data
)
\uc@secondtry=\count104
\uc@combtoks=\toks30
\uc@combtoksb=\toks31
\uc@temptokena=\toks32
) (/usr/share/texmf-texlive/tex/latex/graphics/color.sty
Package: color 2005/11/14 v1.0j Standard LaTeX Color (DPC)
(/etc/texmf/tex/latex/config/color.cfg
File: color.cfg 2007/01/18 v1.5 color configuration of teTeX/TeXLive
)
Package color Info: Driver file: dvips.def on input line 130.
(/usr/share/texmf-texlive/tex/latex/graphics/dvipsnam.def
File: dvipsnam.def 1999/02/16 v3.0i Driver-dependant file (DPC,SPQR)
)) (/usr/share/texmf-texlive/tex/latex/base/inputenc.sty
Package: inputenc 2008/03/30 v1.1d Input encoding file
\inpenc@prehook=\toks33
\inpenc@posthook=\toks34
(/usr/share/texmf-texlive/tex/latex/ucs/utf8x.def
File: utf8x.def 2004/10/17 UCS: Input encoding UTF-8
)) (/usr/share/texmf-texlive/tex/latex/base/alltt.sty
Package: alltt 1997/06/16 v2.0g defines alltt environment
) (/usr/share/texmf/tex/latex/html/html.sty
Package: html 1999/07/19 v1.38 hypertext commands for latex2html (nd, hws, rrm)

\c@lpart=\count105
\c@lchapter=\count106
\c@lsection=\count107
\c@lsubsection=\count108
\c@lsubsubsection=\count109
\c@lparagraph=\count110
\c@lsubparagraph=\count111
\c@lsubsubparagraph=\count112
\ptrfile=\write3
) (/usr/share/texmf-texlive/tex/latex/base/makeidx.sty
Package: makeidx 2000/03/29 v1.0m Standard LaTeX package
) (/usr/share/texmf-texlive/tex/latex/hyperref/hyperref.sty
Package: hyperref 2009/10/09 v6.79a Hypertext links for LaTeX
(/usr/share/texmf-texlive/tex/generic/oberdiek/ifpdf.sty
Package: ifpdf 2009/04/10 v2.0 Provides the ifpdf switch (HO)
Package ifpdf Info: pdfTeX in pdf mode not detected.
) (/usr/share/texmf-texlive/tex/generic/oberdiek/ifvtex.sty
Package: ifvtex 2008/11/04 v1.4 Switches for detecting VTeX and its modes (HO)
Package ifvtex Info: VTeX not detected.
) (/usr/share/texmf-texlive/tex/generic/ifxetex/ifxetex.sty
Package: ifxetex 2009/01/23 v0.5 Provides ifxetex conditional
) (/usr/share/texmf-texlive/tex/latex/oberdiek/hycolor.sty
Package: hycolor 2009/10/02 v1.5 Code for color options of hyperref/bookmark (H
O)
(/usr/share/texmf-texlive/tex/latex/oberdiek/xcolor-patch.sty
Package: xcolor-patch 2009/10/02 xcolor patch
))
\@linkdim=\dimen117
\Hy@linkcounter=\count113
\Hy@pagecounter=\count114
(/usr/share/texmf-texlive/tex/latex/hyperref/pd1enc.def
File: pd1enc.def 2009/10/09 v6.79a Hyperref: PDFDocEncoding definition (HO)
) (/usr/share/texmf-texlive/tex/generic/oberdiek/etexcmds.sty
Package: etexcmds 2007/12/12 v1.2 Prefix for e-TeX command names (HO)
(/usr/share/texmf-texlive/tex/generic/oberdiek/infwarerr.sty
Package: infwarerr 2007/09/09 v1.2 Providing info/warning/message (HO)
)
Package etexcmds Info: Could not find \expanded.
(etexcmds)             That can mean that you are not using pdfTeX 1.50 or
(etexcmds)             that some package has redefined \expanded.
(etexcmds)             In the latter case, load this package earlier.
) (/etc/texmf/tex/latex/config/hyperref.cfg
File: hyperref.cfg 2002/06/06 v1.2 hyperref configuration of TeXLive
) (/usr/share/texmf-texlive/tex/latex/oberdiek/kvoptions.sty
Package: kvoptions 2009/08/13 v3.4 Keyval support for LaTeX options (HO)
(/usr/share/texmf-texlive/tex/generic/oberdiek/kvsetkeys.sty
Package: kvsetkeys 2009/07/30 v1.5 Key value parser with default handler suppor
t (HO)
))
Package hyperref Info: Hyper figures OFF on input line 2975.
Package hyperref Info: Link nesting OFF on input line 2980.
Package hyperref Info: Hyper index ON on input line 2983.
Package hyperref Info: Plain pages OFF on input line 2990.
Package hyperref Info: Backreferencing OFF on input line 2995.
Implicit mode ON; LaTeX internals redefined
Package hyperref Info: Bookmarks ON on input line 3191.
(/usr/share/texmf-texlive/tex/latex/ltxmisc/url.sty
\Urlmuskip=\muskip11
Package: url 2006/04/12  ver 3.3  Verb mode for urls, etc.
)
LaTeX Info: Redefining \url on input line 3428.
LaTeX Info: Redefining \hyperref on input line 3439.
(/usr/share/texmf-texlive/tex/generic/oberdiek/bitset.sty
Package: bitset 2007/09/28 v1.0 Data type bit set (HO)
(/usr/share/texmf-texlive/tex/generic/oberdiek/intcalc.sty
Package: intcalc 2007/09/27 v1.1 Expandable integer calculations (HO)
) (/usr/share/texmf-texlive/tex/generic/oberdiek/bigintcalc.sty
Package: bigintcalc 2007/11/11 v1.1 Expandable big integer calculations (HO)
(/usr/share/texmf-texlive/tex/generic/oberdiek/pdftexcmds.sty
Package: pdftexcmds 2009/09/23 v0.6 LuaTeX support for pdfTeX utility functions
 (HO)
(/usr/share/texmf-texlive/tex/generic/oberdiek/ifluatex.sty
Package: ifluatex 2009/04/17 v1.2 Provides the ifluatex switch (HO)
Package ifluatex Info: LuaTeX not detected.
) (/usr/share/texmf-texlive/tex/generic/oberdiek/ltxcmds.sty
Package: ltxcmds 2009/08/05 v1.0 Some LaTeX kernel commands for general use (HO
)
)
Package pdftexcmds Info: LuaTeX not detected.
Package pdftexcmds Info: \pdf@primitive is available.
Package pdftexcmds Info: \pdf@ifprimitive is available.
)))
\Fld@menulength=\count115
\Field@Width=\dimen118
\Fld@charsize=\dimen119
\Field@toks=\toks35
Package hyperref Info: Hyper figures OFF on input line 4377.
Package hyperref Info: Link nesting OFF on input line 4382.
Package hyperref Info: Hyper index ON on input line 4385.
Package hyperref Info: backreferencing OFF on input line 4392.
Package hyperref Info: Link coloring OFF on input line 4397.
Package hyperref Info: Link coloring with OCG OFF on input line 4402.
Package hyperref Info: PDF/A mode OFF on input line 4407.
(/usr/share/texmf-texlive/tex/generic/oberdiek/atbegshi.sty
Package: atbegshi 2008/07/31 v1.9 At begin shipout hook (HO)
)
\Hy@abspage=\count116
\c@Item=\count117
\c@Hfootnote=\count118
)
*hyperref using default driver hdvips*
(/usr/share/texmf-texlive/tex/latex/hyperref/hdvips.def
File: hdvips.def 2009/10/09 v6.79a Hyperref driver for dvips
(/usr/share/texmf-texlive/tex/latex/hyperref/pdfmark.def
File: pdfmark.def 2009/10/09 v6.79a Hyperref definitions for pdfmark specials
\pdf@docset=\toks36
\pdf@box=\box30
\pdf@toks=\toks37
\pdf@defaulttoks=\toks38
\Fld@listcount=\count119
)) (/usr/share/texmf/tex/latex/xcolor/xcolor.sty
Package: xcolor 2007/01/21 v2.11 LaTeX color extensions (UK)
(/etc/texmf/tex/latex/config/color.cfg
File: color.cfg 2007/01/18 v1.5 color configuration of teTeX/TeXLive
)
Package xcolor Info: Package option `usenames' ignored on input line 216.
Package xcolor Info: Driver file: dvips.def on input line 225.
LaTeX Info: Redefining \color on input line 702.
Package xcolor Info: Model `cmy' substituted by `cmy0' on input line 1337.
Package xcolor Info: Model `RGB' extended on input line 1353.
Package xcolor Info: Model `HTML' substituted by `rgb' on input line 1355.
Package xcolor Info: Model `Hsb' substituted by `hsb' on input line 1356.
Package xcolor Info: Model `tHsb' substituted by `hsb' on input line 1357.
Package xcolor Info: Model `HSB' substituted by `hsb' on input line 1358.
Package xcolor Info: Model `Gray' substituted by `gray' on input line 1359.
Package xcolor Info: Model `wave' substituted by `hsb' on input line 1360.
(/usr/share/texmf-texlive/tex/latex/graphics/dvipsnam.def
File: dvipsnam.def 1999/02/16 v3.0i Driver-dependant file (DPC,SPQR)
)) (/usr/share/texmf-texlive/tex/latex/listings/listings.sty
\lst@mode=\count120
\lst@gtempboxa=\box31
\lst@token=\toks39
\lst@length=\count121
\lst@currlwidth=\dimen120
\lst@column=\count122
\lst@pos=\count123
\lst@lostspace=\dimen121
\lst@width=\dimen122
\lst@newlines=\count124
\lst@lineno=\count125
\lst@maxwidth=\dimen123
(/usr/share/texmf-texlive/tex/latex/listings/lstmisc.sty
File: lstmisc.sty 2007/02/22 1.4 (Carsten Heinz)
\c@lstnumber=\count126
\lst@skipnumbers=\count127
\lst@framebox=\box32
) (/usr/share/texmf-texlive/tex/latex/listings/listings.cfg
File: listings.cfg 2007/02/22 1.4 listings configuration
))
Package: listings 2007/02/22 1.4 (Carsten Heinz)
(/usr/share/texmf-texlive/tex/latex/listings/lstlang1.sty
File: lstlang1.sty 2004/09/05 1.3 listings language file
) (/usr/share/texmf-texlive/tex/latex/listings/lstlang2.sty
File: lstlang2.sty 2004/09/05 1.3 listings language file
)
\c@definition=\count128
\c@theorem=\count129
\c@algorithm=\count130
\c@program=\count131
\c@exercise=\count132
\c@example=\count133
\c@execution=\count134
\c@listing=\count135
\c@advice=\count136
\c@scheme=\count137
\@indexfile=\write4
\openout4 = `images.idx'.

Writing index file images.idx

! LaTeX Error: Option clash for package inputenc.

See the LaTeX manual or LaTeX Companion for explanation.
Type  H <return>  for immediate help.
 ...                                              
                                                  
l.857 
      
The package inputenc has already been loaded with options:
  [utf8x]
There has now been an attempt to load it with options
  [latin1]
Adding the global options:
  utf8x,latin1
to your \documentclass declaration may fix this.
Try typing  <return>  to proceed.

\sizebox=\box33
\lthtmlwrite=\write5
(./images.aux

LaTeX Warning: Label `section:conceptos' multiply defined.


LaTeX Warning: Label `definition:lenguajegenerado' multiply defined.


LaTeX Warning: Label `definition:arbolconcreto' multiply defined.


LaTeX Warning: Label `ejercicio:tutugrammar' multiply defined.


LaTeX Warning: Label `ejer:arbol' multiply defined.


LaTeX Warning: Label `fig:dfa' multiply defined.


LaTeX Warning: Label `section:ejemplodedatamapper' multiply defined.

)
\openout1 = `images.aux'.

LaTeX Font Info:    Checking defaults for OML/cmm/m/it on input line 971.
LaTeX Font Info:    ... okay on input line 971.
LaTeX Font Info:    Checking defaults for T1/cmr/m/n on input line 971.
LaTeX Font Info:    ... okay on input line 971.
LaTeX Font Info:    Checking defaults for OT1/cmr/m/n on input line 971.
LaTeX Font Info:    ... okay on input line 971.
LaTeX Font Info:    Checking defaults for OMS/cmsy/m/n on input line 971.
LaTeX Font Info:    ... okay on input line 971.
LaTeX Font Info:    Checking defaults for OMX/cmex/m/n on input line 971.
LaTeX Font Info:    ... okay on input line 971.
LaTeX Font Info:    Checking defaults for U/cmr/m/n on input line 971.
LaTeX Font Info:    ... okay on input line 971.
LaTeX Font Info:    Checking defaults for PD1/pdf/m/n on input line 971.
LaTeX Font Info:    ... okay on input line 971.
(/usr/share/texmf-texlive/tex/latex/ucs/ucsencs.def
File: ucsencs.def 2003/11/29 Fixes to fontencodings LGR, T3
)
Package hyperref Info: Link coloring OFF on input line 971.
(/usr/share/texmf-texlive/tex/latex/hyperref/nameref.sty
Package: nameref 2007/05/29 v2.31 Cross-referencing by name of section
(/usr/share/texmf-texlive/tex/latex/oberdiek/refcount.sty
Package: refcount 2008/08/11 v3.1 Data extraction from references (HO)
)
\c@section@level=\count138
)
LaTeX Info: Redefining \ref on input line 971.
LaTeX Info: Redefining \pageref on input line 971.
(./images.out) (./images.out)
\@outlinefile=\write6
\openout6 = `images.out'.

\AtBeginShipoutBox=\box34
\c@lstlisting=\count139

latex2htmlLength hsize=451.0pt

latex2htmlLength vsize=554.0pt

latex2htmlLength hoffset=0.0pt

latex2htmlLength voffset=0.0pt

latex2htmlLength topmargin=0.0pt

latex2htmlLength topskip=0.00003pt

latex2htmlLength headheight=0.0pt

latex2htmlLength headsep=0.0pt

latex2htmlLength parskip=0.0pt plus 1.0pt

latex2htmlLength oddsidemargin=-15.36446pt

latex2htmlLength evensidemargin=-15.36446pt

LaTeX Font Info:    Try loading font information for U+lasy on input line 1419.

(/usr/share/texmf-texlive/tex/latex/base/ulasy.fd
File: ulasy.fd 1998/08/17 v2.2e LaTeX symbol font definitions
)
LaTeX Font Info:    Try loading font information for U+msa on input line 1419.
(/usr/share/texmf-texlive/tex/latex/amsfonts/umsa.fd
File: umsa.fd 2009/06/22 v3.00 AMS symbols A
)
LaTeX Font Info:    Try loading font information for U+msb on input line 1419.
(/usr/share/texmf-texlive/tex/latex/amsfonts/umsb.fd
File: umsb.fd 2009/06/22 v3.00 AMS symbols B
)
l2hSize :tex2html_wrap_inline44597:7.98248pt::7.98248pt::64.81665pt.
[1



]
l2hSize :tex2html_wrap_inline45342:8.7125pt::8.7125pt::27.50052pt.
[2


]
l2hSize :tex2html_wrap_inline45346:7.57185pt::7.57185pt::6.20885pt.
[3


]
LaTeX Font Info:    Try loading font information for U+dsrom on input line 1509
.
(/usr/share/texmf-texlive/tex/latex/doublestroke/Udsrom.fd
File: Udsrom.fd 1995/08/01 v0.1 Double stroke roman font definitions
)
l2hSize :tex2html_wrap_inline45348:7.98248pt::7.98248pt::54.1504pt.
[4


]
l2hSize :tex2html_wrap_inline45350:8.7125pt::8.7125pt::119.61057pt.
[5


]
l2hSize :tex2html_wrap_inline45353:8.7125pt::8.7125pt::25.8276pt.
[6


]
l2hSize :tex2html_wrap_inline45359:7.98248pt::7.98248pt::32.37723pt.
[7


]
l2hSize :tex2html_wrap_inline45361:8.7125pt::8.7125pt::44.9989pt.
[8


]
l2hSize :tex2html_wrap_inline45363:8.7125pt::8.7125pt::82.83179pt.
[9


]
l2hSize :tex2html_wrap_inline45365:8.10416pt::8.10416pt::33.51767pt.
[10


]
l2hSize :tex2html_wrap_inline45369:8.7125pt::8.7125pt::97.88809pt.
[11


]
l2hSize :tex2html_wrap_inline45378:8.7125pt::8.7125pt::109.06331pt.
[12


]
l2hSize :tex2html_wrap_inline45380:8.7125pt::8.7125pt::172.28052pt.
[13


]
l2hSize :tex2html_wrap_inline45382:8.7125pt::8.7125pt::441.94507pt.
[14


]
l2hSize :tex2html_wrap_inline45389:8.7125pt::8.7125pt::370.54298pt.
[15


]
l2hSize :tex2html_wrap_inline45391:8.7125pt::8.7125pt::264.83847pt.
[16


]
l2hSize :tex2html_wrap_inline45393:8.7125pt::8.7125pt::75.33446pt.
[17


]
l2hSize :tex2html_wrap_inline45395:8.7125pt::8.7125pt::213.02214pt.
[18


]
l2hSize :tex2html_wrap_inline45403:8.7125pt::8.7125pt::155.07243pt.
[19


]
l2hSize :tex2html_wrap_inline45413:8.7125pt::8.7125pt::74.68047pt.
[20


]
l2hSize :tex2html_wrap_inline45417:7.98248pt::7.98248pt::49.40034pt.
[21


]
l2hSize :tex2html_wrap_inline45423:7.48248pt::0.0pt::32.6446pt.
[22


]
l2hSize :tex2html_wrap_inline45425:7.98248pt::7.98248pt::33.85365pt.
[23


]
l2hSize :tex2html_wrap_inline45427:8.7125pt::8.7125pt::66.50209pt.
[24


]
l2hSize :tex2html_wrap_inline45429:7.98248pt::7.98248pt::31.26823pt.
[25


]
l2hSize :tex2html_wrap_inline45437:8.7125pt::8.7125pt::55.63582pt.
[26


]
l2hSize :tex2html_wrap_inline45439:8.7125pt::8.7125pt::65.32347pt.
[27


]
l2hSize :tex2html_wrap_inline45441:8.7125pt::8.7125pt::56.56334pt.
[28


]
l2hSize :tex2html_wrap_inline45443:7.72179pt::7.72179pt::5.68361pt.
[29


]
l2hSize :tex2html_wrap_inline45445:7.07185pt::0.0pt::4.50171pt.
[30


]
l2hSize :tex2html_wrap_inline45447:7.98248pt::7.98248pt::37.39299pt.
[31


]
l2hSize :tex2html_wrap_inline45449:7.98248pt::7.98248pt::52.75374pt.
[32


]
l2hSize :tex2html_wrap_inline45453:8.7125pt::8.7125pt::57.08186pt.
[33


]
l2hSize :tex2html_wrap_inline45455:7.57185pt::7.57185pt::6.05675pt.
[34


]
l2hSize :tex2html_wrap_inline45457:8.7125pt::8.7125pt::84.04614pt.
[35


]
l2hSize :tex2html_wrap_inline45470:7.98248pt::7.98248pt::60.50739pt.
[36


]
l2hSize :tex2html_wrap_inline45476:8.41812pt::0.0pt::7.30727pt.
[37


]
l2hSize :tex2html_wrap_inline45480:7.57185pt::7.57185pt::9.07428pt.
[38


]
l2hSize :tex2html_wrap_inline45482:8.41812pt::0.0pt::34.98642pt.
[39


]
l2hSize :tex2html_wrap_inline45484:8.91812pt::8.91812pt::63.27885pt.
[40


]
l2hSize :tex2html_wrap_inline45486:12.45782pt::0.0pt::32.18086pt.
[41


]
l2hSize :tex2html_wrap_inline45494:10.7467pt::0.0pt::34.98642pt.
[42


]
l2hSize :tex2html_wrap_inline45498:8.41812pt::0.0pt::9.61282pt.
[43


]
l2hSize :tex2html_wrap_inline45508:11.02449pt::0.0pt::34.98642pt.
[44


]
l2hSize :tex2html_wrap_inline45515:8.7125pt::8.7125pt::78.84515pt.
[45


]
l2hSize :tex2html_wrap_inline45517:11.52449pt::11.52449pt::143.52615pt.
[46


]
l2hSize :tex2html_wrap_inline45530:8.7125pt::8.7125pt::72.99309pt.
[47


]
l2hSize :tex2html_wrap_inline45534:8.7125pt::8.7125pt::268.08492pt.
[48


]
l2hSize :tex2html_wrap_inline45536:8.7125pt::8.7125pt::115.11781pt.
[49


]
l2hSize :tex2html_wrap_inline45538:8.7125pt::8.7125pt::80.51439pt.
[50


]
l2hSize :tex2html_wrap_inline45546:8.7125pt::8.7125pt::315.99823pt.
[51


]
l2hSize :tex2html_wrap_inline45553:8.7125pt::8.7125pt::136.0627pt.
[52


]
l2hSize :tex2html_wrap_inline45555:8.7125pt::8.7125pt::193.90448pt.
[53


]
l2hSize :tex2html_wrap_inline45572:8.7125pt::8.7125pt::70.9823pt.
[54


]
l2hSize :tex2html_wrap_inline45579:7.48248pt::0.0pt::20.65672pt.
[55


]
l2hSize :tex2html_wrap_inline45581:8.7125pt::8.7125pt::6.02254pt.
[56


]
l2hSize :tex2html_wrap_inline45583:7.07185pt::0.0pt::9.6345pt.
[57


]
l2hSize :tex2html_wrap_inline45585:8.7125pt::8.7125pt::171.72916pt.
[58


]
l2hSize :tex2html_wrap_inline45589:8.7125pt::8.7125pt::85.70026pt.
[59


]
l2hSize :tex2html_wrap_inline45593:8.7125pt::8.7125pt::103.55379pt.
[60


]
l2hSize :tex2html_wrap_inline45597:8.7125pt::8.7125pt::113.00426pt.
[61


]
l2hSize :tex2html_wrap_inline45601:7.48248pt::0.0pt::45.01813pt.
[62


]
l2hSize :tex2html_wrap_inline45605:7.48248pt::0.0pt::29.58173pt.
[63


]
l2hSize :tex2html_wrap_inline45609:7.48248pt::0.0pt::38.20334pt.
[64


]
l2hSize :tex2html_wrap_inline45611:8.7125pt::8.7125pt::6.02254pt.
[65


]
l2hSize :tex2html_wrap_inline45642:7.48248pt::0.0pt::47.72523pt.
[66


]
l2hSize :tex2html_wrap_inline45644:8.7125pt::8.7125pt::4.80588pt.
[67


]
l2hSize :tex2html_wrap_inline45646:7.48248pt::0.0pt::75.06609pt.
[68


]
l2hSize :tex2html_wrap_inline45648:7.48248pt::0.0pt::32.56636pt.
[69


]
l2hSize :tex2html_wrap_inline45652:7.48248pt::0.0pt::15.59009pt.
[70


]
l2hSize :tex2html_wrap_inline45654:7.48248pt::0.0pt::42.01683pt.
[71


]
l2hSize :tex2html_wrap_inline45662:8.7125pt::8.7125pt::4.80588pt.
[72


]
l2hSize :tex2html_wrap_inline45715:8.7125pt::8.7125pt::80.54471pt.
[73


]
l2hSize :tex2html_wrap_inline45717:8.7125pt::8.7125pt::24.43607pt.
[74


]
l2hSize :tex2html_wrap_inline45723:7.48248pt::0.0pt::8.45587pt.
[75


]
l2hSize :tex2html_wrap_inline45736:8.7125pt::8.7125pt::43.16502pt.
[76


]
l2hSize :tex2html_wrap_inline45740:8.7125pt::8.7125pt::32.97545pt.
[77


]
l2hSize :tex2html_wrap_inline45742:8.7125pt::8.7125pt::70.67029pt.
[78


]
l2hSize :tex2html_wrap_inline45744:8.7125pt::8.7125pt::57.96207pt.
[79


]
l2hSize :tex2html_wrap_inline45748:8.7125pt::8.7125pt::24.1187pt.
[80


]
l2hSize :tex2html_wrap_inline45756:8.7125pt::8.7125pt::59.11896pt.
[81


]
l2hSize :tex2html_wrap_inline45763:7.48248pt::0.0pt::66.27933pt.
[82


]
l2hSize :tex2html_wrap_inline45829:8.7125pt::8.7125pt::14.42136pt.
[83


]
l2hSize :tex2html_wrap_inline45831:8.7125pt::8.7125pt::36.13501pt.
[84


]
l2hSize :tex2html_wrap_inline45833:8.7125pt::8.7125pt::25.79337pt.
[85


]
l2hSize :tex2html_wrap_inline45835:8.7125pt::8.7125pt::36.13501pt.
[86


]
l2hSize :tex2html_wrap_inline45840:7.48248pt::0.0pt::14.79773pt.
[87


]
l2hSize :tex2html_wrap_inline45890:8.7125pt::8.7125pt::106.88034pt.
[88


]
l2hSize :tex2html_wrap_inline45892:7.48248pt::0.0pt::29.6297pt.
[89


]
l2hSize :tex2html_wrap_inline45896:8.7125pt::8.7125pt::59.96272pt.
[90


]
l2hSize :tex2html_wrap_inline45900:8.7125pt::8.7125pt::62.77245pt.
[91


]
l2hSize :tex2html_wrap_inline45904:8.7125pt::8.7125pt::92.47433pt.
[92


]
l2hSize :tex2html_wrap_inline45908:8.7125pt::8.7125pt::93.45905pt.
[93


]
l2hSize :tex2html_wrap_inline45912:8.7125pt::8.7125pt::123.16093pt.
[94


]
l2hSize :tex2html_wrap_inline45916:8.7125pt::8.7125pt::124.14565pt.
[95


]
l2hSize :tex2html_wrap_inline45964:8.7125pt::8.7125pt::90.64932pt.
[96


]
l2hSize :tex2html_wrap_inline45972:8.7125pt::8.7125pt::105.89563pt.
[97


]
l2hSize :tex2html_wrap_inline46012:7.98248pt::7.98248pt::18.67233pt.
[98


]
l2hSize :tex2html_wrap_inline46014:7.48248pt::0.0pt::12.3644pt.
[99


]
l2hSize :tex2html_wrap_inline46016:8.7125pt::8.7125pt::122.49074pt.
[100


]
l2hSize :tex2html_wrap_inline46021:8.7125pt::8.7125pt::59.53893pt.
[101


]
l2hSize :tex2html_wrap_inline46029:7.22179pt::0.0pt::30.68114pt.
[102


]
l2hSize :tex2html_wrap_inline46033:7.57185pt::7.57185pt::34.88033pt.
[103


]
l2hSize :tex2html_wrap_inline46035:8.7125pt::8.7125pt::171.78023pt.
[104


]
l2hSize :tex2html_wrap_inline46037:8.7125pt::8.7125pt::106.29927pt.
[105


]
l2hSize :tex2html_wrap_inline46043:8.7125pt::8.7125pt::163.59529pt.
[106


]
l2hSize :tex2html_wrap_inline46045:7.48248pt::0.0pt::44.34753pt.
[107


]
l2hSize :tex2html_wrap_inline46049:7.98248pt::7.98248pt::12.01207pt.
[108


]
l2hSize :tex2html_wrap_inline46051:7.98248pt::7.98248pt::12.01207pt.
[109


]
l2hSize :tex2html_wrap_inline46053:8.7125pt::8.7125pt::118.05864pt.
[110


]
l2hSize :tex2html_wrap_inline46055:7.98248pt::7.98248pt::32.69543pt.
[111


]
l2hSize :tex2html_wrap_inline46059:7.98248pt::7.98248pt::32.69543pt.
[112


]
l2hSize :tex2html_wrap_inline46061:8.7125pt::8.7125pt::141.88535pt.
[113


]
l2hSize :tex2html_wrap_inline46075:8.7125pt::8.7125pt::79.44308pt.
[114


]
l2hSize :tex2html_wrap_inline46077:8.7125pt::8.7125pt::79.25432pt.
[115


]
l2hSize :tex2html_wrap_inline46079:8.7125pt::8.7125pt::46.81503pt.
[116


]
l2hSize :tex2html_wrap_inline46094:8.7125pt::8.7125pt::50.93623pt.
[117


]
l2hSize :tex2html_wrap_inline46096:7.57185pt::7.57185pt::42.41954pt.
[118


]
l2hSize :tex2html_wrap_inline46107:8.7125pt::8.7125pt::41.17651pt.
[119


]
l2hSize :tex2html_wrap_inline46111:8.7125pt::8.7125pt::235.674pt.
[120


]
l2hSize :tex2html_wrap_inline46113:8.7125pt::8.7125pt::132.15413pt.
[121


]
l2hSize :tex2html_wrap_inline46117:8.7125pt::8.7125pt::15.45172pt.
[122


]
l2hSize :tex2html_wrap_inline46128:8.7125pt::8.7125pt::71.8656pt.
[123


]
l2hSize :tex2html_wrap_inline46130:8.7125pt::8.7125pt::68.02426pt.
[124


]
l2hSize :tex2html_wrap_inline46132:7.60416pt::0.0pt::42.75943pt.
[125


]
l2hSize :tex2html_wrap_inline46138:8.7125pt::8.7125pt::82.31383pt.
[126


]
l2hSize :tex2html_wrap_inline46140:8.7125pt::8.7125pt::34.4773pt.
[127


]
l2hSize :tex2html_wrap_inline46142:8.7125pt::8.7125pt::52.3382pt.
[128


]
l2hSize :tex2html_wrap_inline46144:8.7125pt::8.7125pt::55.34056pt.
[129


]
l2hSize :tex2html_wrap_inline46151:8.7125pt::8.7125pt::301.34352pt.
[130


]
l2hSize :tex2html_wrap_inline46153:8.7125pt::8.7125pt::51.8046pt.
[131


]
l2hSize :tex2html_wrap_inline46155:8.7125pt::8.7125pt::143.02342pt.
[132


]
l2hSize :tex2html_wrap_inline46157:8.7125pt::8.7125pt::25.95053pt.
[133


]
l2hSize :tex2html_wrap_inline46165:7.60416pt::0.0pt::5.99211pt.
[134


]
l2hSize :tex2html_wrap_inline46167:8.7125pt::8.7125pt::87.23859pt.
[135


]
l2hSize :tex2html_wrap_inline46169:8.7125pt::8.7125pt::124.68526pt.
[136


]
l2hSize :tex2html_wrap_inline46171:16.83748pt::16.83748pt::207.2834pt.
[137


]
l2hSize :tex2html_wrap_inline46177:7.60416pt::0.0pt::9.94629pt.
[138


]
l2hSize :tex2html_wrap_inline46179:8.7125pt::8.7125pt::125.56703pt.
[139


]
l2hSize :tex2html_wrap_inline46190:8.7125pt::8.7125pt::146.29843pt.
[140


]
l2hSize :tex2html_wrap_inline46192:8.7125pt::8.7125pt::60.55396pt.
[141


]
l2hSize :tex2html_wrap_inline46196:8.7125pt::8.7125pt::301.60912pt.
[142


]
l2hSize :tex2html_wrap_inline46203:8.7125pt::8.7125pt::241.28351pt.
[143


]
l2hSize :tex2html_wrap_inline46205:8.7125pt::8.7125pt::57.96936pt.
[144


]
l2hSize :tex2html_wrap_inline46207:8.7125pt::8.7125pt::227.85484pt.
[145


]
l2hSize :tex2html_wrap_inline46209:8.7125pt::8.7125pt::388.23207pt.
[146


]
l2hSize :tex2html_wrap_inline46217:8.7125pt::8.7125pt::66.2246pt.
[147


]
l2hSize :tex2html_wrap_inline46223:7.07185pt::0.0pt::6.57385pt.
[148


]
l2hSize :tex2html_wrap_inline46227:8.7125pt::8.7125pt::76.47476pt.
[149


]
l2hSize :tex2html_wrap_inline46229:8.7125pt::8.7125pt::106.69734pt.
[150


]
l2hSize :tex2html_wrap_inline46233:8.7125pt::8.7125pt::82.11693pt.
[151


]
l2hSize :tex2html_wrap_inline46240:8.7125pt::8.7125pt::98.53539pt.
[152


]
l2hSize :tex2html_wrap_inline46242:8.7125pt::8.7125pt::169.52092pt.
[153


]
l2hSize :tex2html_wrap_inline46244:7.07185pt::0.0pt::14.84335pt.
[154


]
l2hSize :tex2html_wrap_inline46246:8.7125pt::8.7125pt::106.50085pt.
[155


]
l2hSize :tex2html_wrap_inline46248:8.7125pt::8.7125pt::45.13077pt.
[156


]
l2hSize :tex2html_wrap_inline46250:8.7125pt::8.7125pt::127.12709pt.
[157


]
l2hSize :tex2html_wrap_inline46252:8.7125pt::8.7125pt::65.757pt.
[158


]
l2hSize :tex2html_wrap_inline46259:8.7125pt::8.7125pt::78.5956pt.
[159


]
l2hSize :tex2html_wrap_inline46261:8.7125pt::8.7125pt::264.64374pt.
[160


]
l2hSize :tex2html_wrap_inline46267:8.7125pt::8.7125pt::56.74234pt.
[161


]
l2hSize :tex2html_wrap_inline46275:8.7125pt::8.7125pt::469.68134pt.

Overfull \hbox (21.89035pt too wide) in paragraph at lines 2473--2474
[]|[] 
 []

[162


] (./images.aux)

LaTeX Warning: There were multiply-defined labels.

 ) 
Here is how much of TeX's memory you used:
 8492 strings out of 493858
 118218 string characters out of 1153328
 226424 words of memory out of 3000000
 11610 multiletter control sequences out of 15000+50000
 8894 words of font info for 38 fonts, out of 3000000 for 9000
 714 hyphenation exceptions out of 8191
 38i,10n,35p,326b,362s stack positions out of 5000i,500n,10000p,200000b,50000s

Output written on images.dvi (162 pages, 110000 bytes).
